Determining if the pthread_create exist failed with the following output:
Change Dir: /home/pippo/Libraries/coco/ros_launcher/src/coco_ros_launcher/obj-x86_64-linux-gnu/CMakeFiles/CMakeTmp

Run Build Command:"/usr/bin/make" "cmTryCompileExec2333039194/fast"
make[2]: Entering directory `/home/pippo/Libraries/coco/ros_launcher/src/coco_ros_launcher/obj-x86_64-linux-gnu/CMakeFiles/CMakeTmp'
/usr/bin/make -f CMakeFiles/cmTryCompileExec2333039194.dir/build.make CMakeFiles/cmTryCompileExec2333039194.dir/build
make[3]: Entering directory `/home/pippo/Libraries/coco/ros_launcher/src/coco_ros_launcher/obj-x86_64-linux-gnu/CMakeFiles/CMakeTmp'
/usr/bin/cmake -E cmake_progress_report /home/pippo/Libraries/coco/ros_launcher/src/coco_ros_launcher/obj-x86_64-linux-gnu/CMakeFiles/CMakeTmp/CMakeFiles 1
Building C object CMakeFiles/cmTryCompileExec2333039194.dir/CheckSymbolExists.c.o
/usr/bin/cc   -g -O2 -fstack-protector --param=ssp-buffer-size=4 -Wformat -Werror=format-security -D_FORTIFY_SOURCE=2     -o CMakeFiles/cmTryCompileExec2333039194.dir/CheckSymbolExists.c.o   -c /home/pippo/Libraries/coco/ros_launcher/src/coco_ros_launcher/obj-x86_64-linux-gnu/CMakeFiles/CMakeTmp/CheckSymbolExists.c
Linking C executable cmTryCompileExec2333039194
/usr/bin/cmake -E cmake_link_script CMakeFiles/cmTryCompileExec2333039194.dir/link.txt --verbose=1
/usr/bin/cc  -g -O2 -fstack-protector --param=ssp-buffer-size=4 -Wformat -Werror=format-security -D_FORTIFY_SOURCE=2      CMakeFiles/cmTryCompileExec2333039194.dir/CheckSymbolExists.c.o  -o cmTryCompileExec2333039194 -rdynamic 
CMakeFiles/cmTryCompileExec2333039194.dir/CheckSymbolExists.c.o: In function `main':
/home/pippo/Libraries/coco/ros_launcher/src/coco_ros_launcher/obj-x86_64-linux-gnu/CMakeFiles/CMakeTmp/CheckSymbolExists.c:8: undefined reference to `pthread_create'
collect2: error: ld returned 1 exit status
make[3]: *** [cmTryCompileExec2333039194] Error 1
make[3]: Leaving directory `/home/pippo/Libraries/coco/ros_launcher/src/coco_ros_launcher/obj-x86_64-linux-gnu/CMakeFiles/CMakeTmp'
make[2]: *** [cmTryCompileExec2333039194/fast] Error 2
make[2]: Leaving directory `/home/pippo/Libraries/coco/ros_launcher/src/coco_ros_launcher/obj-x86_64-linux-gnu/CMakeFiles/CMakeTmp'

File /home/pippo/Libraries/coco/ros_launcher/src/coco_ros_launcher/obj-x86_64-linux-gnu/CMakeFiles/CMakeTmp/CheckSymbolExists.c:
/* */
#include <pthread.h>

int main(int argc, char** argv)
{
  (void)argv;
#ifndef pthread_create
  return ((int*)(&pthread_create))[argc];
#else
  (void)argc;
  return 0;
#endif
}

Determining if the function pthread_create exists in the pthreads failed with the following output:
Change Dir: /home/pippo/Libraries/coco/ros_launcher/src/coco_ros_launcher/obj-x86_64-linux-gnu/CMakeFiles/CMakeTmp

Run Build Command:"/usr/bin/make" "cmTryCompileExec4173177540/fast"
make[2]: Entering directory `/home/pippo/Libraries/coco/ros_launcher/src/coco_ros_launcher/obj-x86_64-linux-gnu/CMakeFiles/CMakeTmp'
/usr/bin/make -f CMakeFiles/cmTryCompileExec4173177540.dir/build.make CMakeFiles/cmTryCompileExec4173177540.dir/build
make[3]: Entering directory `/home/pippo/Libraries/coco/ros_launcher/src/coco_ros_launcher/obj-x86_64-linux-gnu/CMakeFiles/CMakeTmp'
/usr/bin/cmake -E cmake_progress_report /home/pippo/Libraries/coco/ros_launcher/src/coco_ros_launcher/obj-x86_64-linux-gnu/CMakeFiles/CMakeTmp/CMakeFiles 1
Building C object CMakeFiles/cmTryCompileExec4173177540.dir/CheckFunctionExists.c.o
/usr/bin/cc   -g -O2 -fstack-protector --param=ssp-buffer-size=4 -Wformat -Werror=format-security -D_FORTIFY_SOURCE=2  -DCHECK_FUNCTION_EXISTS=pthread_create   -o CMakeFiles/cmTryCompileExec4173177540.dir/CheckFunctionExists.c.o   -c /usr/share/cmake-3.2/Modules/CheckFunctionExists.c
Linking C executable cmTryCompileExec4173177540
/usr/bin/cmake -E cmake_link_script CMakeFiles/cmTryCompileExec4173177540.dir/link.txt --verbose=1
/usr/bin/cc  -g -O2 -fstack-protector --param=ssp-buffer-size=4 -Wformat -Werror=format-security -D_FORTIFY_SOURCE=2  -DCHECK_FUNCTION_EXISTS=pthread_create    CMakeFiles/cmTryCompileExec4173177540.dir/CheckFunctionExists.c.o  -o cmTryCompileExec4173177540 -rdynamic -lpthreads 
/usr/bin/ld: cannot find -lpthreads
collect2: error: ld returned 1 exit status
make[3]: *** [cmTryCompileExec4173177540] Error 1
make[3]: Leaving directory `/home/pippo/Libraries/coco/ros_launcher/src/coco_ros_launcher/obj-x86_64-linux-gnu/CMakeFiles/CMakeTmp'
make[2]: *** [cmTryCompileExec4173177540/fast] Error 2
make[2]: Leaving directory `/home/pippo/Libraries/coco/ros_launcher/src/coco_ros_launcher/obj-x86_64-linux-gnu/CMakeFiles/CMakeTmp'


